<?xml version="1.0" encoding="UTF-8"?>
<!-- Generated by org.testng.reporters.JUnitReportReporter -->
<testsuite hostname="Максим-VAIO" failures="0" tests="1" name="ua.price.tests.TestClicksDesktopPriceUa" time="38.251" errors="1" timestamp="2022-05-27T15:47:05 EEST" skipped="0">
  <testcase classname="ua.price.tests.TestClicksDesktopPriceUa" name="testClicksDesktopPriceUa" time="38.251">
    <error message="element click intercepted: Element &lt;a class=&quot;btn btn-blue active-go&quot; title=&quot;Придбати Шивананда Свами Новый взгляд на традиционную Йога-&quot; data-otc=&quot;price_button&quot; href=&quot;/main/gate.html?hash=YTo0OntzOjE6InUiO2E6OTp7czoxOiJzIjtpOjQzMztzOjE6InciO3M6MjoiMjEiO3M6MToiciI7aTowO3M6MToidCI7aTo0O3M6MToicCI7aTo2NjtzOjE6InkiO2232o6785114orp2441820228p4pnons0k6MDtzOjE6Im0iO2k6MjtzOjE6ImYiO2k6MztzOjE6ImUiO2k6Njt9czoxOiJ5IjtzOjEwOiI1ODMxMTMwNTY3IjtzOjE6ImMiO2k6MjtzOjM6ImNqcyI7aToxO30%3D&quot; target=&quot;_blank&quot; rel=&quot;nofollow&quot;&gt;...&lt;/a&gt; is not clickable at point (1208, 593). Other element would receive the click: &lt;img src=&quot;//i4.price.ua/images/announcement/621eae9f86499.png&quot;&gt;
  (Session info: chrome=102.0.5005.61)
Build info: version: &#039;4.1.3&#039;, revision: &#039;7b1ebf28ef&#039;
System info: host: &#039;МАКСИМ-VAIO&#039;, ip: &#039;172.27.237.126&#039;, os.name: &#039;Windows 7&#039;, os.arch: &#039;amd64&#039;, os.version: &#039;6.1&#039;, java.version: &#039;17.0.2&#039;
Driver info: org.openqa.selenium.chrome.ChromeDriver
Command: [c5627067559092e4969b048b323e3be4, clickElement {id=e9b7c9a3-8459-433b-aff8-63789706a7de}]
Capabilities {acceptInsecureCerts: false, browserName: chrome, browserVersion: 102.0.5005.61, chrome: {chromedriverVersion: 101.0.4951.41 (93c720db8323..., userDataDir: C:\Users\2BA0~1\AppData\Loc...}, goog:chromeOptions: {debuggerAddress: localhost:62327}, javascriptEnabled: true, networkConnectionEnabled: false, pageLoadStrategy: normal, platform: WINDOWS, platformName: WINDOWS, proxy: Proxy(), se:cdp: ws://localhost:62327/devtoo..., se:cdpVersion: 102.0.5005.61, setWindowRect: true, strictFileInteractability: false, timeouts: {implicit: 0, pageLoad: 300000, script: 30000}, unhandledPromptBehavior: dismiss and notify, webauthn:extension:credBlob: true, webauthn:extension:largeBlob: true, webauthn:virtualAuthenticators: true}
Element: [[ChromeDriver: chrome on WINDOWS (c5627067559092e4969b048b323e3be4)] -&gt; xpath: //div[@data-tracker-pid=&#039;5831130567&#039;]/div/div[@class=&#039;button-wrap&#039;]/a]
Session ID: c5627067559092e4969b048b323e3be4" type="org.openqa.selenium.ElementClickInterceptedException">
      <![CDATA[org.openqa.selenium.ElementClickInterceptedException: element click intercepted: Element <a class="btn btn-blue active-go" title="Придбати Шивананда Свами Новый взгляд на традиционную Йога-" data-otc="price_button" href="/main/gate.html?hash=YTo0OntzOjE6InUiO2E6OTp7czoxOiJzIjtpOjQzMztzOjE6InciO3M6MjoiMjEiO3M6MToiciI7aTowO3M6MToidCI7aTo0O3M6MToicCI7aTo2NjtzOjE6InkiO2232o6785114orp2441820228p4pnons0k6MDtzOjE6Im0iO2k6MjtzOjE6ImYiO2k6MztzOjE6ImUiO2k6Njt9czoxOiJ5IjtzOjEwOiI1ODMxMTMwNTY3IjtzOjE6ImMiO2k6MjtzOjM6ImNqcyI7aToxO30%3D" target="_blank" rel="nofollow">...</a> is not clickable at point (1208, 593). Other element would receive the click: <img src="//i4.price.ua/images/announcement/621eae9f86499.png">
  (Session info: chrome=102.0.5005.61)
Build info: version: '4.1.3', revision: '7b1ebf28ef'
System info: host: 'МАКСИМ-VAIO', ip: '172.27.237.126', os.name: 'Windows 7', os.arch: 'amd64', os.version: '6.1', java.version: '17.0.2'
Driver info: org.openqa.selenium.chrome.ChromeDriver
Command: [c5627067559092e4969b048b323e3be4, clickElement {id=e9b7c9a3-8459-433b-aff8-63789706a7de}]
Capabilities {acceptInsecureCerts: false, browserName: chrome, browserVersion: 102.0.5005.61, chrome: {chromedriverVersion: 101.0.4951.41 (93c720db8323..., userDataDir: C:\Users\2BA0~1\AppData\Loc...}, goog:chromeOptions: {debuggerAddress: localhost:62327}, javascriptEnabled: true, networkConnectionEnabled: false, pageLoadStrategy: normal, platform: WINDOWS, platformName: WINDOWS, proxy: Proxy(), se:cdp: ws://localhost:62327/devtoo..., se:cdpVersion: 102.0.5005.61, setWindowRect: true, strictFileInteractability: false, timeouts: {implicit: 0, pageLoad: 300000, script: 30000}, unhandledPromptBehavior: dismiss and notify, webauthn:extension:credBlob: true, webauthn:extension:largeBlob: true, webauthn:virtualAuthenticators: true}
Element: [[ChromeDriver: chrome on WINDOWS (c5627067559092e4969b048b323e3be4)] -> xpath: //div[@data-tracker-pid='5831130567']/div/div[@class='button-wrap']/a]
Session ID: c5627067559092e4969b048b323e3be4
at java.base/jdk.internal.reflect.NativeConstructorAccessorImpl.newInstance0(Native Method)
at java.base/jdk.internal.reflect.NativeConstructorAccessorImpl.newInstance(NativeConstructorAccessorImpl.java:77)
at java.base/jdk.internal.reflect.DelegatingConstructorAccessorImpl.newInstance(DelegatingConstructorAccessorImpl.java:45)
at java.base/java.lang.reflect.Constructor.newInstanceWithCaller(Constructor.java:499)
at java.base/java.lang.reflect.Constructor.newInstance(Constructor.java:480)
at org.openqa.selenium.remote.codec.w3c.W3CHttpResponseCodec.createException(W3CHttpResponseCodec.java:200)
at org.openqa.selenium.remote.codec.w3c.W3CHttpResponseCodec.decode(W3CHttpResponseCodec.java:133)
at org.openqa.selenium.remote.codec.w3c.W3CHttpResponseCodec.decode(W3CHttpResponseCodec.java:53)
at org.openqa.selenium.remote.HttpCommandExecutor.execute(HttpCommandExecutor.java:184)
at org.openqa.selenium.remote.service.DriverCommandExecutor.invokeExecute(DriverCommandExecutor.java:167)
at org.openqa.selenium.remote.service.DriverCommandExecutor.execute(DriverCommandExecutor.java:142)
at org.openqa.selenium.remote.RemoteWebDriver.execute(RemoteWebDriver.java:567)
at org.openqa.selenium.remote.RemoteWebElement.execute(RemoteWebElement.java:251)
at org.openqa.selenium.remote.RemoteWebElement.click(RemoteWebElement.java:77)
at ua.price.desktop.applogic.CatalogFirm2533Helper.clickBid(CatalogFirm2533Helper.java:57)
at ua.price.tests.TestClicksDesktopPriceUa.testClicksDesktopPriceUa(TestClicksDesktopPriceUa.java:12)
at java.base/jdk.internal.reflect.NativeMethodAccessorImpl.invoke0(Native Method)
at java.base/jdk.internal.reflect.NativeMethodAccessorImpl.invoke(NativeMethodAccessorImpl.java:77)
at java.base/jdk.internal.reflect.DelegatingMethodAccessorImpl.invoke(DelegatingMethodAccessorImpl.java:43)
at java.base/java.lang.reflect.Method.invoke(Method.java:568)
at org.testng.internal.MethodInvocationHelper.invokeMethod(MethodInvocationHelper.java:133)
at org.testng.internal.TestInvoker.invokeMethod(TestInvoker.java:598)
at org.testng.internal.TestInvoker.invokeTestMethod(TestInvoker.java:173)
at org.testng.internal.MethodRunner.runInSequence(MethodRunner.java:46)
at org.testng.internal.TestInvoker$MethodInvocationAgent.invoke(TestInvoker.java:824)
at org.testng.internal.TestInvoker.invokeTestMethods(TestInvoker.java:146)
at org.testng.internal.TestMethodWorker.invokeTestMethods(TestMethodWorker.java:146)
at org.testng.internal.TestMethodWorker.run(TestMethodWorker.java:128)
at java.base/java.util.ArrayList.forEach(ArrayList.java:1511)
at org.testng.TestRunner.privateRun(TestRunner.java:794)
at org.testng.TestRunner.run(TestRunner.java:596)
at org.testng.SuiteRunner.runTest(SuiteRunner.java:377)
at org.testng.SuiteRunner.runSequentially(SuiteRunner.java:371)
at org.testng.SuiteRunner.privateRun(SuiteRunner.java:332)
at org.testng.SuiteRunner.run(SuiteRunner.java:276)
at org.testng.SuiteRunnerWorker.runSuite(SuiteRunnerWorker.java:53)
at org.testng.SuiteRunnerWorker.run(SuiteRunnerWorker.java:96)
at org.testng.TestNG.runSuitesSequentially(TestNG.java:1212)
at org.testng.TestNG.runSuitesLocally(TestNG.java:1134)
at org.testng.TestNG.runSuites(TestNG.java:1063)
at org.testng.TestNG.run(TestNG.java:1031)
at org.testng.remote.AbstractRemoteTestNG.run(AbstractRemoteTestNG.java:115)
at org.testng.remote.RemoteTestNG.initAndRun(RemoteTestNG.java:251)
at org.testng.remote.RemoteTestNG.main(RemoteTestNG.java:77)
]]>
    </error>
  </testcase> <!-- testClicksDesktopPriceUa -->
  <system-out/>
</testsuite> <!-- ua.price.tests.TestClicksDesktopPriceUa -->
